<?xml version="1.0" encoding="UTF-8"?>
<!-- Generated by org.testng.reporters.JUnitReportReporter -->
<testsuite skipped="0" hostname="DESKTOP-VMLH7M4" name="com.usa.myrunner.MyRunner" tests="2" failures="0" timestamp="21 Mar 2020 03:12:14 GMT" time="44.893" errors="0">
  <testcase name="feature" time="15.254" classname="com.usa.myrunner.MyRunner"/>
  <testcase name="feature" time="29.639" classname="com.usa.myrunner.MyRunner"/>
</testsuite> <!-- com.usa.myrunner.MyRunner -->
