<?xml version="1.0" encoding="UTF-8"?>
<!-- Generated by org.testng.reporters.JUnitReportReporter -->
<testsuite skipped="0" hostname="DESKTOP-VMLH7M4" name="com.usa.logintest.LoginTest" tests="1" failures="0" timestamp="21 Mar 2020 03:12:14 GMT" time="16.780" errors="0">
  <testcase name="getLoginValidation" time="16.780" classname="com.usa.logintest.LoginTest"/>
</testsuite> <!-- com.usa.logintest.LoginTest -->
